<?xml version="1.0" encoding="UTF-8"?>
<!-- Generated by org.testng.reporters.JUnitReportReporter -->
<testsuite hostname="LAPTOP-DV7B7JNU" failures="0" tests="2" name="seleniumproject.testDemo2" time="0.009" errors="0" timestamp="2024-06-20T10:22:44 IST" skipped="0">
  <testcase classname="seleniumproject.testDemo2" name="method1" time="0.008"/>
  <testcase classname="seleniumproject.testDemo2" name="method2" time="0.001"/>
  <system-out>
    <![CDATA[Log message]]>
  </system-out>
</testsuite> <!-- seleniumproject.testDemo2 -->
